!SESSION 2014-09-19 18:11:07.863 -----------------------------------------------
eclipse.buildId=unknown
java.version=1.7.0_51
java.vendor=Oracle Corporation
BootLoader constants: OS=win32, ARCH=x86, WS=win32, NL=en_US
Command-line arguments:  -os win32 -ws win32 -arch x86 -data C:\Users\samudra\Dropbox\GWU\MPNL\Research\uCAT Subsystem\USNA\BRICSAT\Design Sprint 5\Firmware\SEAS12472 - MCAT-4CU-B Firmware

!ENTRY org.eclipse.cdt.managedbuilder.ui 4 0 2014-09-19 18:12:41.400
!MESSAGE 
!STACK 0
java.lang.NullPointerException
	at nbeclipse.core.wizard.NBProjectOptionsPageRunnable.run(NBProjectOptionsPageRunnable.java:135)
	at org.eclipse.cdt.managedbuilder.ui.wizards.MBSCustomPageData$1.run(MBSCustomPageData.java:416)
	at org.eclipse.jface.operation.ModalContext.runInCurrentThread(ModalContext.java:464)
	at org.eclipse.jface.operation.ModalContext.run(ModalContext.java:372)
	at org.eclipse.jface.wizard.WizardDialog.run(WizardDialog.java:1029)
	at org.eclipse.cdt.managedbuilder.ui.wizards.MBSWizardHandler.doCustom(MBSWizardHandler.java:732)
	at org.eclipse.cdt.managedbuilder.ui.wizards.MBSWizardHandler.createProject(MBSWizardHandler.java:536)
	at org.eclipse.cdt.ui.wizards.CDTCommonProjectWizard$1$1$1.run(CDTCommonProjectWizard.java:253)
	at org.eclipse.ui.actions.WorkspaceModifyDelegatingOperation.execute(WorkspaceModifyDelegatingOperation.java:69)
	at org.eclipse.ui.actions.WorkspaceModifyOperation$1.run(WorkspaceModifyOperation.java:106)
	at org.eclipse.core.internal.resources.Workspace.run(Workspace.java:2344)
	at org.eclipse.ui.actions.WorkspaceModifyOperation.run(WorkspaceModifyOperation.java:118)
	at org.eclipse.jface.operation.ModalContext.runInCurrentThread(ModalContext.java:464)
	at org.eclipse.jface.operation.ModalContext.run(ModalContext.java:372)
	at org.eclipse.jface.wizard.WizardDialog.run(WizardDialog.java:1029)
	at org.eclipse.cdt.ui.wizards.CDTCommonProjectWizard$1$1.run(CDTCommonProjectWizard.java:262)
	at org.eclipse.ui.internal.UILockListener.doPendingWork(UILockListener.java:164)
	at org.eclipse.ui.internal.UISynchronizer$3.run(UISynchronizer.java:158)
	at org.eclipse.swt.widgets.RunnableLock.run(RunnableLock.java:35)
	at org.eclipse.swt.widgets.Synchronizer.runAsyncMessages(Synchronizer.java:135)
	at org.eclipse.swt.widgets.Display.runAsyncMessages(Display.java:4140)
	at org.eclipse.swt.widgets.Display.readAndDispatch(Display.java:3757)
	at org.eclipse.jface.operation.ModalContext$ModalContextThread.block(ModalContext.java:173)
	at org.eclipse.jface.operation.ModalContext.run(ModalContext.java:388)
	at org.eclipse.jface.wizard.WizardDialog.run(WizardDialog.java:1029)
	at org.eclipse.cdt.ui.wizards.CDTCommonProjectWizard.invokeRunnable(CDTCommonProjectWizard.java:175)
	at org.eclipse.cdt.ui.wizards.CDTCommonProjectWizard.getProject(CDTCommonProjectWizard.java:153)
	at org.eclipse.cdt.managedbuilder.ui.wizards.CDTConfigWizardPage.advancedDialog(CDTConfigWizardPage.java:329)
	at org.eclipse.cdt.managedbuilder.ui.wizards.CDTConfigWizardPage.access$2(CDTConfigWizardPage.java:326)
	at org.eclipse.cdt.managedbuilder.ui.wizards.CDTConfigWizardPage$6.widgetSelected(CDTConfigWizardPage.java:184)
	at org.eclipse.swt.widgets.TypedListener.handleEvent(TypedListener.java:240)
	at org.eclipse.swt.widgets.EventTable.sendEvent(EventTable.java:84)
	at org.eclipse.swt.widgets.Widget.sendEvent(Widget.java:1053)
	at org.eclipse.swt.widgets.Display.runDeferredEvents(Display.java:4165)
	at org.eclipse.swt.widgets.Display.readAndDispatch(Display.java:3754)
	at org.eclipse.jface.window.Window.runEventLoop(Window.java:825)
	at org.eclipse.jface.window.Window.open(Window.java:801)
	at org.eclipse.ui.actions.NewProjectAction.run(NewProjectAction.java:117)
	at org.eclipse.jface.action.Action.runWithEvent(Action.java:498)
	at org.eclipse.jface.action.ActionContributionItem.handleWidgetSelection(ActionContributionItem.java:584)
	at org.eclipse.jface.action.ActionContributionItem.access$2(ActionContributionItem.java:501)
	at org.eclipse.jface.action.ActionContributionItem$5.handleEvent(ActionContributionItem.java:411)
	at org.eclipse.swt.widgets.EventTable.sendEvent(EventTable.java:84)
	at org.eclipse.swt.widgets.Widget.sendEvent(Widget.java:1053)
	at org.eclipse.swt.widgets.Display.runDeferredEvents(Display.java:4165)
	at org.eclipse.swt.widgets.Display.readAndDispatch(Display.java:3754)
	at org.eclipse.ui.internal.Workbench.runEventLoop(Workbench.java:2701)
	at org.eclipse.ui.internal.Workbench.runUI(Workbench.java:2665)
	at org.eclipse.ui.internal.Workbench.access$4(Workbench.java:2499)
	at org.eclipse.ui.internal.Workbench$7.run(Workbench.java:679)
	at org.eclipse.core.databinding.observable.Realm.runWithDefault(Realm.java:332)
	at org.eclipse.ui.internal.Workbench.createAndRunWorkbench(Workbench.java:668)
	at org.eclipse.ui.PlatformUI.createAndRunWorkbench(PlatformUI.java:149)
	at org.eclipse.ui.internal.ide.application.IDEApplication.start(IDEApplication.java:123)
	at org.eclipse.equinox.internal.app.EclipseAppHandle.run(EclipseAppHandle.java:196)
	at org.eclipse.core.runtime.internal.adaptor.EclipseAppLauncher.runApplication(EclipseAppLauncher.java:110)
	at org.eclipse.core.runtime.internal.adaptor.EclipseAppLauncher.start(EclipseAppLauncher.java:79)
	at org.eclipse.core.runtime.adaptor.EclipseStarter.run(EclipseStarter.java:344)
	at org.eclipse.core.runtime.adaptor.EclipseStarter.run(EclipseStarter.java:179)
	at sun.reflect.NativeMethodAccessorImpl.invoke0(Native Method)
	at sun.reflect.NativeMethodAccessorImpl.invoke(Unknown Source)
	at sun.reflect.DelegatingMethodAccessorImpl.invoke(Unknown Source)
	at java.lang.reflect.Method.invoke(Unknown Source)
	at org.eclipse.equinox.launcher.Main.invokeFramework(Main.java:622)
	at org.eclipse.equinox.launcher.Main.basicRun(Main.java:577)
	at org.eclipse.equinox.launcher.Main.run(Main.java:1410)

!ENTRY org.eclipse.cdt.core 1 0 2014-09-19 18:14:14.064
!MESSAGE Indexed 'MCAT-3CU-PS3-ARC-V4G' (0 sources, 39 headers) in 0.31 sec: 281 declarations; 413 references; 11 unresolved inclusions; 2 syntax errors; 2 unresolved names (0.29%)

!ENTRY org.eclipse.cdt.managedbuilder.ui 4 0 2014-09-19 18:21:49.121
!MESSAGE 
!STACK 0
java.lang.NullPointerException
	at nbeclipse.core.wizard.NBProjectOptionsPageRunnable.run(NBProjectOptionsPageRunnable.java:135)
	at org.eclipse.cdt.managedbuilder.ui.wizards.MBSCustomPageData$1.run(MBSCustomPageData.java:416)
	at org.eclipse.jface.operation.ModalContext.runInCurrentThread(ModalContext.java:464)
	at org.eclipse.jface.operation.ModalContext.run(ModalContext.java:372)
	at org.eclipse.jface.wizard.WizardDialog.run(WizardDialog.java:1029)
	at org.eclipse.cdt.managedbuilder.ui.wizards.MBSWizardHandler.doCustom(MBSWizardHandler.java:732)
	at org.eclipse.cdt.managedbuilder.ui.wizards.MBSWizardHandler.createProject(MBSWizardHandler.java:536)
	at org.eclipse.cdt.ui.wizards.CDTCommonProjectWizard$1$1$1.run(CDTCommonProjectWizard.java:253)
	at org.eclipse.ui.actions.WorkspaceModifyDelegatingOperation.execute(WorkspaceModifyDelegatingOperation.java:69)
	at org.eclipse.ui.actions.WorkspaceModifyOperation$1.run(WorkspaceModifyOperation.java:106)
	at org.eclipse.core.internal.resources.Workspace.run(Workspace.java:2344)
	at org.eclipse.ui.actions.WorkspaceModifyOperation.run(WorkspaceModifyOperation.java:118)
	at org.eclipse.jface.operation.ModalContext.runInCurrentThread(ModalContext.java:464)
	at org.eclipse.jface.operation.ModalContext.run(ModalContext.java:372)
	at org.eclipse.jface.wizard.WizardDialog.run(WizardDialog.java:1029)
	at org.eclipse.cdt.ui.wizards.CDTCommonProjectWizard$1$1.run(CDTCommonProjectWizard.java:262)
	at org.eclipse.ui.internal.UILockListener.doPendingWork(UILockListener.java:164)
	at org.eclipse.ui.internal.UISynchronizer$3.run(UISynchronizer.java:158)
	at org.eclipse.swt.widgets.RunnableLock.run(RunnableLock.java:35)
	at org.eclipse.swt.widgets.Synchronizer.runAsyncMessages(Synchronizer.java:135)
	at org.eclipse.swt.widgets.Display.runAsyncMessages(Display.java:4140)
	at org.eclipse.swt.widgets.Display.readAndDispatch(Display.java:3757)
	at org.eclipse.jface.operation.ModalContext$ModalContextThread.block(ModalContext.java:173)
	at org.eclipse.jface.operation.ModalContext.run(ModalContext.java:388)
	at org.eclipse.jface.wizard.WizardDialog.run(WizardDialog.java:1029)
	at org.eclipse.cdt.ui.wizards.CDTCommonProjectWizard.invokeRunnable(CDTCommonProjectWizard.java:175)
	at org.eclipse.cdt.ui.wizards.CDTCommonProjectWizard.getProject(CDTCommonProjectWizard.java:153)
	at org.eclipse.cdt.managedbuilder.ui.wizards.CDTConfigWizardPage.advancedDialog(CDTConfigWizardPage.java:329)
	at org.eclipse.cdt.managedbuilder.ui.wizards.CDTConfigWizardPage.access$2(CDTConfigWizardPage.java:326)
	at org.eclipse.cdt.managedbuilder.ui.wizards.CDTConfigWizardPage$6.widgetSelected(CDTConfigWizardPage.java:184)
	at org.eclipse.swt.widgets.TypedListener.handleEvent(TypedListener.java:240)
	at org.eclipse.swt.widgets.EventTable.sendEvent(EventTable.java:84)
	at org.eclipse.swt.widgets.Widget.sendEvent(Widget.java:1053)
	at org.eclipse.swt.widgets.Display.runDeferredEvents(Display.java:4165)
	at org.eclipse.swt.widgets.Display.readAndDispatch(Display.java:3754)
	at org.eclipse.jface.window.Window.runEventLoop(Window.java:825)
	at org.eclipse.jface.window.Window.open(Window.java:801)
	at org.eclipse.ui.actions.NewProjectAction.run(NewProjectAction.java:117)
	at org.eclipse.jface.action.Action.runWithEvent(Action.java:498)
	at org.eclipse.jface.action.ActionContributionItem.handleWidgetSelection(ActionContributionItem.java:584)
	at org.eclipse.jface.action.ActionContributionItem.access$2(ActionContributionItem.java:501)
	at org.eclipse.jface.action.ActionContributionItem$5.handleEvent(ActionContributionItem.java:411)
	at org.eclipse.swt.widgets.EventTable.sendEvent(EventTable.java:84)
	at org.eclipse.swt.widgets.Widget.sendEvent(Widget.java:1053)
	at org.eclipse.swt.widgets.Display.runDeferredEvents(Display.java:4165)
	at org.eclipse.swt.widgets.Display.readAndDispatch(Display.java:3754)
	at org.eclipse.ui.internal.Workbench.runEventLoop(Workbench.java:2701)
	at org.eclipse.ui.internal.Workbench.runUI(Workbench.java:2665)
	at org.eclipse.ui.internal.Workbench.access$4(Workbench.java:2499)
	at org.eclipse.ui.internal.Workbench$7.run(Workbench.java:679)
	at org.eclipse.core.databinding.observable.Realm.runWithDefault(Realm.java:332)
	at org.eclipse.ui.internal.Workbench.createAndRunWorkbench(Workbench.java:668)
	at org.eclipse.ui.PlatformUI.createAndRunWorkbench(PlatformUI.java:149)
	at org.eclipse.ui.internal.ide.application.IDEApplication.start(IDEApplication.java:123)
	at org.eclipse.equinox.internal.app.EclipseAppHandle.run(EclipseAppHandle.java:196)
	at org.eclipse.core.runtime.internal.adaptor.EclipseAppLauncher.runApplication(EclipseAppLauncher.java:110)
	at org.eclipse.core.runtime.internal.adaptor.EclipseAppLauncher.start(EclipseAppLauncher.java:79)
	at org.eclipse.core.runtime.adaptor.EclipseStarter.run(EclipseStarter.java:344)
	at org.eclipse.core.runtime.adaptor.EclipseStarter.run(EclipseStarter.java:179)
	at sun.reflect.NativeMethodAccessorImpl.invoke0(Native Method)
	at sun.reflect.NativeMethodAccessorImpl.invoke(Unknown Source)
	at sun.reflect.DelegatingMethodAccessorImpl.invoke(Unknown Source)
	at java.lang.reflect.Method.invoke(Unknown Source)
	at org.eclipse.equinox.launcher.Main.invokeFramework(Main.java:622)
	at org.eclipse.equinox.launcher.Main.basicRun(Main.java:577)
	at org.eclipse.equinox.launcher.Main.run(Main.java:1410)

!ENTRY org.eclipse.cdt.core 1 0 2014-09-19 18:23:57.717
!MESSAGE Indexed 'TESTBUS' (1 sources, 60 headers) in 0.27 sec: 1,908 declarations; 1,521 references; 14 unresolved inclusions; 2 syntax errors; 27 unresolved names (0.78%)

!ENTRY org.eclipse.cdt.managedbuilder.ui 4 0 2014-09-20 18:57:28.244
!MESSAGE 
!STACK 0
java.lang.NullPointerException
	at nbeclipse.core.wizard.NBProjectOptionsPageRunnable.run(NBProjectOptionsPageRunnable.java:135)
	at org.eclipse.cdt.managedbuilder.ui.wizards.MBSCustomPageData$1.run(MBSCustomPageData.java:416)
	at org.eclipse.jface.operation.ModalContext.runInCurrentThread(ModalContext.java:464)
	at org.eclipse.jface.operation.ModalContext.run(ModalContext.java:372)
	at org.eclipse.jface.wizard.WizardDialog.run(WizardDialog.java:1029)
	at org.eclipse.cdt.managedbuilder.ui.wizards.MBSWizardHandler.doCustom(MBSWizardHandler.java:732)
	at org.eclipse.cdt.managedbuilder.ui.wizards.MBSWizardHandler.createProject(MBSWizardHandler.java:536)
	at org.eclipse.cdt.ui.wizards.CDTCommonProjectWizard$1$1$1.run(CDTCommonProjectWizard.java:253)
	at org.eclipse.ui.actions.WorkspaceModifyDelegatingOperation.execute(WorkspaceModifyDelegatingOperation.java:69)
	at org.eclipse.ui.actions.WorkspaceModifyOperation$1.run(WorkspaceModifyOperation.java:106)
	at org.eclipse.core.internal.resources.Workspace.run(Workspace.java:2344)
	at org.eclipse.ui.actions.WorkspaceModifyOperation.run(WorkspaceModifyOperation.java:118)
	at org.eclipse.jface.operation.ModalContext.runInCurrentThread(ModalContext.java:464)
	at org.eclipse.jface.operation.ModalContext.run(ModalContext.java:372)
	at org.eclipse.jface.wizard.WizardDialog.run(WizardDialog.java:1029)
	at org.eclipse.cdt.ui.wizards.CDTCommonProjectWizard$1$1.run(CDTCommonProjectWizard.java:262)
	at org.eclipse.ui.internal.UILockListener.doPendingWork(UILockListener.java:164)
	at org.eclipse.ui.internal.UISynchronizer$3.run(UISynchronizer.java:158)
	at org.eclipse.swt.widgets.RunnableLock.run(RunnableLock.java:35)
	at org.eclipse.swt.widgets.Synchronizer.runAsyncMessages(Synchronizer.java:135)
	at org.eclipse.swt.widgets.Display.runAsyncMessages(Display.java:4140)
	at org.eclipse.swt.widgets.Display.readAndDispatch(Display.java:3757)
	at org.eclipse.jface.operation.ModalContext$ModalContextThread.block(ModalContext.java:173)
	at org.eclipse.jface.operation.ModalContext.run(ModalContext.java:388)
	at org.eclipse.jface.wizard.WizardDialog.run(WizardDialog.java:1029)
	at org.eclipse.cdt.ui.wizards.CDTCommonProjectWizard.invokeRunnable(CDTCommonProjectWizard.java:175)
	at org.eclipse.cdt.ui.wizards.CDTCommonProjectWizard.getProject(CDTCommonProjectWizard.java:153)
	at org.eclipse.cdt.managedbuilder.ui.wizards.CDTConfigWizardPage.advancedDialog(CDTConfigWizardPage.java:329)
	at org.eclipse.cdt.managedbuilder.ui.wizards.CDTConfigWizardPage.access$2(CDTConfigWizardPage.java:326)
	at org.eclipse.cdt.managedbuilder.ui.wizards.CDTConfigWizardPage$6.widgetSelected(CDTConfigWizardPage.java:184)
	at org.eclipse.swt.widgets.TypedListener.handleEvent(TypedListener.java:240)
	at org.eclipse.swt.widgets.EventTable.sendEvent(EventTable.java:84)
	at org.eclipse.swt.widgets.Widget.sendEvent(Widget.java:1053)
	at org.eclipse.swt.widgets.Display.runDeferredEvents(Display.java:4165)
	at org.eclipse.swt.widgets.Display.readAndDispatch(Display.java:3754)
	at org.eclipse.jface.window.Window.runEventLoop(Window.java:825)
	at org.eclipse.jface.window.Window.open(Window.java:801)
	at org.eclipse.ui.actions.NewProjectAction.run(NewProjectAction.java:117)
	at org.eclipse.jface.action.Action.runWithEvent(Action.java:498)
	at org.eclipse.jface.action.ActionContributionItem.handleWidgetSelection(ActionContributionItem.java:584)
	at org.eclipse.jface.action.ActionContributionItem.access$2(ActionContributionItem.java:501)
	at org.eclipse.jface.action.ActionContributionItem$5.handleEvent(ActionContributionItem.java:411)
	at org.eclipse.swt.widgets.EventTable.sendEvent(EventTable.java:84)
	at org.eclipse.swt.widgets.Widget.sendEvent(Widget.java:1053)
	at org.eclipse.swt.widgets.Display.runDeferredEvents(Display.java:4165)
	at org.eclipse.swt.widgets.Display.readAndDispatch(Display.java:3754)
	at org.eclipse.ui.internal.Workbench.runEventLoop(Workbench.java:2701)
	at org.eclipse.ui.internal.Workbench.runUI(Workbench.java:2665)
	at org.eclipse.ui.internal.Workbench.access$4(Workbench.java:2499)
	at org.eclipse.ui.internal.Workbench$7.run(Workbench.java:679)
	at org.eclipse.core.databinding.observable.Realm.runWithDefault(Realm.java:332)
	at org.eclipse.ui.internal.Workbench.createAndRunWorkbench(Workbench.java:668)
	at org.eclipse.ui.PlatformUI.createAndRunWorkbench(PlatformUI.java:149)
	at org.eclipse.ui.internal.ide.application.IDEApplication.start(IDEApplication.java:123)
	at org.eclipse.equinox.internal.app.EclipseAppHandle.run(EclipseAppHandle.java:196)
	at org.eclipse.core.runtime.internal.adaptor.EclipseAppLauncher.runApplication(EclipseAppLauncher.java:110)
	at org.eclipse.core.runtime.internal.adaptor.EclipseAppLauncher.start(EclipseAppLauncher.java:79)
	at org.eclipse.core.runtime.adaptor.EclipseStarter.run(EclipseStarter.java:344)
	at org.eclipse.core.runtime.adaptor.EclipseStarter.run(EclipseStarter.java:179)
	at sun.reflect.NativeMethodAccessorImpl.invoke0(Native Method)
	at sun.reflect.NativeMethodAccessorImpl.invoke(Unknown Source)
	at sun.reflect.DelegatingMethodAccessorImpl.invoke(Unknown Source)
	at java.lang.reflect.Method.invoke(Unknown Source)
	at org.eclipse.equinox.launcher.Main.invokeFramework(Main.java:622)
	at org.eclipse.equinox.launcher.Main.basicRun(Main.java:577)
	at org.eclipse.equinox.launcher.Main.run(Main.java:1410)

!ENTRY org.eclipse.ui 4 0 2014-09-20 18:57:54.191
!MESSAGE Unhandled event loop exception
!STACK 0
java.lang.NullPointerException
	at nbeclipse.core.properties.NBPropertyPage.performOk(NBPropertyPage.java:197)
	at org.eclipse.jface.preference.PreferencePage.performApply(PreferencePage.java:432)
	at org.eclipse.jface.preference.PreferencePage$2.widgetSelected(PreferencePage.java:281)
	at org.eclipse.swt.widgets.TypedListener.handleEvent(TypedListener.java:240)
	at org.eclipse.swt.widgets.EventTable.sendEvent(EventTable.java:84)
	at org.eclipse.swt.widgets.Widget.sendEvent(Widget.java:1053)
	at org.eclipse.swt.widgets.Display.runDeferredEvents(Display.java:4165)
	at org.eclipse.swt.widgets.Display.readAndDispatch(Display.java:3754)
	at org.eclipse.jface.window.Window.runEventLoop(Window.java:825)
	at org.eclipse.jface.window.Window.open(Window.java:801)
	at org.eclipse.cdt.managedbuilder.ui.wizards.CDTConfigWizardPage.advancedDialog(CDTConfigWizardPage.java:335)
	at org.eclipse.cdt.managedbuilder.ui.wizards.CDTConfigWizardPage.access$2(CDTConfigWizardPage.java:326)
	at org.eclipse.cdt.managedbuilder.ui.wizards.CDTConfigWizardPage$6.widgetSelected(CDTConfigWizardPage.java:184)
	at org.eclipse.swt.widgets.TypedListener.handleEvent(TypedListener.java:240)
	at org.eclipse.swt.widgets.EventTable.sendEvent(EventTable.java:84)
	at org.eclipse.swt.widgets.Widget.sendEvent(Widget.java:1053)
	at org.eclipse.swt.widgets.Display.runDeferredEvents(Display.java:4165)
	at org.eclipse.swt.widgets.Display.readAndDispatch(Display.java:3754)
	at org.eclipse.jface.window.Window.runEventLoop(Window.java:825)
	at org.eclipse.jface.window.Window.open(Window.java:801)
	at org.eclipse.ui.actions.NewProjectAction.run(NewProjectAction.java:117)
	at org.eclipse.jface.action.Action.runWithEvent(Action.java:498)
	at org.eclipse.jface.action.ActionContributionItem.handleWidgetSelection(ActionContributionItem.java:584)
	at org.eclipse.jface.action.ActionContributionItem.access$2(ActionContributionItem.java:501)
	at org.eclipse.jface.action.ActionContributionItem$5.handleEvent(ActionContributionItem.java:411)
	at org.eclipse.swt.widgets.EventTable.sendEvent(EventTable.java:84)
	at org.eclipse.swt.widgets.Widget.sendEvent(Widget.java:1053)
	at org.eclipse.swt.widgets.Display.runDeferredEvents(Display.java:4165)
	at org.eclipse.swt.widgets.Display.readAndDispatch(Display.java:3754)
	at org.eclipse.ui.internal.Workbench.runEventLoop(Workbench.java:2701)
	at org.eclipse.ui.internal.Workbench.runUI(Workbench.java:2665)
	at org.eclipse.ui.internal.Workbench.access$4(Workbench.java:2499)
	at org.eclipse.ui.internal.Workbench$7.run(Workbench.java:679)
	at org.eclipse.core.databinding.observable.Realm.runWithDefault(Realm.java:332)
	at org.eclipse.ui.internal.Workbench.createAndRunWorkbench(Workbench.java:668)
	at org.eclipse.ui.PlatformUI.createAndRunWorkbench(PlatformUI.java:149)
	at org.eclipse.ui.internal.ide.application.IDEApplication.start(IDEApplication.java:123)
	at org.eclipse.equinox.internal.app.EclipseAppHandle.run(EclipseAppHandle.java:196)
	at org.eclipse.core.runtime.internal.adaptor.EclipseAppLauncher.runApplication(EclipseAppLauncher.java:110)
	at org.eclipse.core.runtime.internal.adaptor.EclipseAppLauncher.start(EclipseAppLauncher.java:79)
	at org.eclipse.core.runtime.adaptor.EclipseStarter.run(EclipseStarter.java:344)
	at org.eclipse.core.runtime.adaptor.EclipseStarter.run(EclipseStarter.java:179)
	at sun.reflect.NativeMethodAccessorImpl.invoke0(Native Method)
	at sun.reflect.NativeMethodAccessorImpl.invoke(Unknown Source)
	at sun.reflect.DelegatingMethodAccessorImpl.invoke(Unknown Source)
	at java.lang.reflect.Method.invoke(Unknown Source)
	at org.eclipse.equinox.launcher.Main.invokeFramework(Main.java:622)
	at org.eclipse.equinox.launcher.Main.basicRun(Main.java:577)
	at org.eclipse.equinox.launcher.Main.run(Main.java:1410)

!ENTRY org.eclipse.cdt.core 1 0 2014-09-20 19:01:06.961
!MESSAGE Indexed 'TESTCU' (0 sources, 39 headers) in 0.09 sec: 281 declarations; 413 references; 11 unresolved inclusions; 2 syntax errors; 2 unresolved names (0.29%)

!ENTRY org.eclipse.core.resources 4 4 2014-09-20 19:22:49.544
!MESSAGE Exception occurred while saving project preferences: /TESTCU/.settings/org.eclipse.cdt.core.prefs.
!STACK 1
org.eclipse.core.internal.resources.ResourceException: A resource already exists on disk 'C:\Users\samudra\Dropbox\GWU\MPNL\Research\uCAT Subsystem\USNA\BRICSAT\Design Sprint 5\Firmware\SEAS12472 - MCAT-4CU-B Firmware\TESTCU\.settings'.
	at org.eclipse.core.internal.resources.Folder.assertCreateRequirements(Folder.java:47)
	at org.eclipse.core.internal.resources.Folder.create(Folder.java:95)
	at org.eclipse.core.internal.resources.ProjectPreferences$1.run(ProjectPreferences.java:566)
	at org.eclipse.core.internal.resources.Workspace.run(Workspace.java:2344)
	at org.eclipse.core.internal.resources.ProjectPreferences.save(ProjectPreferences.java:590)
	at org.eclipse.core.internal.preferences.EclipsePreferences.internalFlush(EclipsePreferences.java:440)
	at org.eclipse.core.internal.resources.ProjectPreferences.flush(ProjectPreferences.java:350)
	at org.eclipse.core.internal.preferences.EclipsePreferences.internalFlush(EclipsePreferences.java:428)
	at org.eclipse.core.internal.resources.ProjectPreferences.flush(ProjectPreferences.java:350)
	at org.eclipse.cdt.utils.envvar.PrefsStorableEnvironment.serialize(PrefsStorableEnvironment.java:425)
	at org.eclipse.cdt.utils.envvar.StorableEnvironmentLoader.storeEnvironment(StorableEnvironmentLoader.java:125)
	at org.eclipse.cdt.internal.core.envvar.UserDefinedEnvironmentSupplier.storeEnvironment(UserDefinedEnvironmentSupplier.java:378)
	at org.eclipse.cdt.internal.core.envvar.UserDefinedEnvironmentSupplier.storeProjectEnvironment(UserDefinedEnvironmentSupplier.java:364)
	at org.eclipse.cdt.internal.core.envvar.ContributedEnvironment.serialize(ContributedEnvironment.java:164)
	at org.eclipse.cdt.internal.core.settings.model.xml.XmlProjectDescriptionStorage$DesSerializationRunnable.run(XmlProjectDescriptionStorage.java:172)
	at org.eclipse.cdt.internal.core.settings.model.CProjectDescriptionManager$CompositeWorkspaceRunnable.run(CProjectDescriptionManager.java:198)
	at org.eclipse.cdt.internal.core.settings.model.CProjectDescriptionManager$CompositeWorkspaceRunnable.run(CProjectDescriptionManager.java:198)
	at org.eclipse.cdt.internal.core.settings.model.CProjectDescriptionManager$5.run(CProjectDescriptionManager.java:501)
	at org.eclipse.core.internal.resources.Workspace.run(Workspace.java:2344)
	at org.eclipse.cdt.internal.core.settings.model.CProjectDescriptionManager.runAtomic(CProjectDescriptionManager.java:498)
	at org.eclipse.cdt.internal.core.settings.model.CProjectDescriptionManager.runWspModification(CProjectDescriptionManager.java:463)
	at org.eclipse.cdt.internal.core.settings.model.SetCProjectDescriptionOperation.executeOperation(SetCProjectDescriptionOperation.java:155)
	at org.eclipse.cdt.internal.core.model.CModelOperation.execute(CModelOperation.java:339)
	at org.eclipse.cdt.internal.core.model.CModelOperation.run(CModelOperation.java:602)
	at org.eclipse.core.internal.resources.Workspace.run(Workspace.java:2344)
	at org.eclipse.cdt.internal.core.model.CModelOperation.runOperation(CModelOperation.java:633)
	at org.eclipse.cdt.internal.core.settings.model.AbstractCProjectDescriptionStorage.setProjectDescription(AbstractCProjectDescriptionStorage.java:203)
	at org.eclipse.cdt.internal.core.settings.model.CProjectDescriptionStorageManager.setProjectDescription(CProjectDescriptionStorageManager.java:149)
	at org.eclipse.cdt.internal.core.settings.model.CProjectDescriptionManager.setProjectDescription(CProjectDescriptionManager.java:836)
	at org.eclipse.cdt.managedbuilder.internal.core.BuildSettingsUtil.checkApplyDescription(BuildSettingsUtil.java:211)
	at org.eclipse.cdt.managedbuilder.internal.core.BuildSettingsUtil.checkApplyDescription(BuildSettingsUtil.java:198)
	at org.eclipse.cdt.managedbuilder.core.ManagedBuildManager.updateBuildInfo(ManagedBuildManager.java:1393)
	at org.eclipse.cdt.managedbuilder.core.ManagedBuildManager.saveBuildInfo(ManagedBuildManager.java:1352)
	at nbeclipse.core.wizard.NBProjectOptionsPageRunnable.run(NBProjectOptionsPageRunnable.java:421)
	at org.eclipse.cdt.managedbuilder.ui.wizards.MBSCustomPageData$1.run(MBSCustomPageData.java:416)
	at org.eclipse.jface.operation.ModalContext.runInCurrentThread(ModalContext.java:464)
	at org.eclipse.jface.operation.ModalContext.run(ModalContext.java:372)
	at org.eclipse.jface.wizard.WizardDialog.run(WizardDialog.java:1029)
	at org.eclipse.cdt.managedbuilder.ui.wizards.MBSWizardHandler.doCustom(MBSWizardHandler.java:732)
	at org.eclipse.cdt.managedbuilder.ui.wizards.MBSWizardHandler.createProject(MBSWizardHandler.java:536)
	at org.eclipse.cdt.ui.wizards.CDTCommonProjectWizard$1$1$1.run(CDTCommonProjectWizard.java:253)
	at org.eclipse.ui.actions.WorkspaceModifyDelegatingOperation.execute(WorkspaceModifyDelegatingOperation.java:69)
	at org.eclipse.ui.actions.WorkspaceModifyOperation$1.run(WorkspaceModifyOperation.java:106)
	at org.eclipse.core.internal.resources.Workspace.run(Workspace.java:2344)
	at org.eclipse.ui.actions.WorkspaceModifyOperation.run(WorkspaceModifyOperation.java:118)
	at org.eclipse.jface.operation.ModalContext.runInCurrentThread(ModalContext.java:464)
	at org.eclipse.jface.operation.ModalContext.run(ModalContext.java:372)
	at org.eclipse.jface.wizard.WizardDialog.run(WizardDialog.java:1029)
	at org.eclipse.cdt.ui.wizards.CDTCommonProjectWizard$1$1.run(CDTCommonProjectWizard.java:262)
	at org.eclipse.ui.internal.UILockListener.doPendingWork(UILockListener.java:164)
	at org.eclipse.ui.internal.UISynchronizer$3.run(UISynchronizer.java:158)
	at org.eclipse.swt.widgets.RunnableLock.run(RunnableLock.java:35)
	at org.eclipse.swt.widgets.Synchronizer.runAsyncMessages(Synchronizer.java:135)
	at org.eclipse.swt.widgets.Display.runAsyncMessages(Display.java:4140)
	at org.eclipse.swt.widgets.Display.readAndDispatch(Display.java:3757)
	at org.eclipse.jface.operation.ModalContext$ModalContextThread.block(ModalContext.java:173)
	at org.eclipse.jface.operation.ModalContext.run(ModalContext.java:388)
	at org.eclipse.jface.wizard.WizardDialog.run(WizardDialog.java:1029)
	at org.eclipse.cdt.ui.wizards.CDTCommonProjectWizard.invokeRunnable(CDTCommonProjectWizard.java:175)
	at org.eclipse.cdt.ui.wizards.CDTCommonProjectWizard.getProject(CDTCommonProjectWizard.java:153)
	at org.eclipse.cdt.ui.wizards.CDTCommonProjectWizard.performFinish(CDTCommonProjectWizard.java:191)
	at org.eclipse.jface.wizard.WizardDialog.finishPressed(WizardDialog.java:827)
	at org.eclipse.jface.wizard.WizardDialog.buttonPressed(WizardDialog.java:432)
	at org.eclipse.jface.dialogs.Dialog$2.widgetSelected(Dialog.java:624)
	at org.eclipse.swt.widgets.TypedListener.handleEvent(TypedListener.java:240)
	at org.eclipse.swt.widgets.EventTable.sendEvent(EventTable.java:84)
	at org.eclipse.swt.widgets.Widget.sendEvent(Widget.java:1053)
	at org.eclipse.swt.widgets.Display.runDeferredEvents(Display.java:4165)
	at org.eclipse.swt.widgets.Display.readAndDispatch(Display.java:3754)
	at org.eclipse.jface.window.Window.runEventLoop(Window.java:825)
	at org.eclipse.jface.window.Window.open(Window.java:801)
	at org.eclipse.ui.actions.NewProjectAction.run(NewProjectAction.java:117)
	at org.eclipse.jface.action.Action.runWithEvent(Action.java:498)
	at org.eclipse.jface.action.ActionContributionItem.handleWidgetSelection(ActionContributionItem.java:584)
	at org.eclipse.jface.action.ActionContributionItem.access$2(ActionContributionItem.java:501)
	at org.eclipse.jface.action.ActionContributionItem$5.handleEvent(ActionContributionItem.java:411)
	at org.eclipse.swt.widgets.EventTable.sendEvent(EventTable.java:84)
	at org.eclipse.swt.widgets.Widget.sendEvent(Widget.java:1053)
	at org.eclipse.swt.widgets.Display.runDeferredEvents(Display.java:4165)
	at org.eclipse.swt.widgets.Display.readAndDispatch(Display.java:3754)
	at org.eclipse.ui.internal.Workbench.runEventLoop(Workbench.java:2701)
	at org.eclipse.ui.internal.Workbench.runUI(Workbench.java:2665)
	at org.eclipse.ui.internal.Workbench.access$4(Workbench.java:2499)
	at org.eclipse.ui.internal.Workbench$7.run(Workbench.java:679)
	at org.eclipse.core.databinding.observable.Realm.runWithDefault(Realm.java:332)
	at org.eclipse.ui.internal.Workbench.createAndRunWorkbench(Workbench.java:668)
	at org.eclipse.ui.PlatformUI.createAndRunWorkbench(PlatformUI.java:149)
	at org.eclipse.ui.internal.ide.application.IDEApplication.start(IDEApplication.java:123)
	at org.eclipse.equinox.internal.app.EclipseAppHandle.run(EclipseAppHandle.java:196)
	at org.eclipse.core.runtime.internal.adaptor.EclipseAppLauncher.runApplication(EclipseAppLauncher.java:110)
	at org.eclipse.core.runtime.internal.adaptor.EclipseAppLauncher.start(EclipseAppLauncher.java:79)
	at org.eclipse.core.runtime.adaptor.EclipseStarter.run(EclipseStarter.java:344)
	at org.eclipse.core.runtime.adaptor.EclipseStarter.run(EclipseStarter.java:179)
	at sun.reflect.NativeMethodAccessorImpl.invoke0(Native Method)
	at sun.reflect.NativeMethodAccessorImpl.invoke(Unknown Source)
	at sun.reflect.DelegatingMethodAccessorImpl.invoke(Unknown Source)
	at java.lang.reflect.Method.invoke(Unknown Source)
	at org.eclipse.equinox.launcher.Main.invokeFramework(Main.java:622)
	at org.eclipse.equinox.launcher.Main.basicRun(Main.java:577)
	at org.eclipse.equinox.launcher.Main.run(Main.java:1410)
!SUBENTRY 1 org.eclipse.core.resources 4 272 2014-09-20 19:22:49.545
!MESSAGE A resource already exists on disk 'C:\Users\samudra\Dropbox\GWU\MPNL\Research\uCAT Subsystem\USNA\BRICSAT\Design Sprint 5\Firmware\SEAS12472 - MCAT-4CU-B Firmware\TESTCU\.settings'.

!ENTRY org.eclipse.cdt.core 4 0 2014-09-20 19:22:49.546
!MESSAGE Error: Exception occurred while saving project preferences: /TESTCU/.settings/org.eclipse.cdt.core.prefs.
!STACK 0
org.osgi.service.prefs.BackingStoreException: Exception occurred while saving project preferences: /TESTCU/.settings/org.eclipse.cdt.core.prefs.
	at org.eclipse.core.internal.resources.ProjectPreferences.save(ProjectPreferences.java:600)
	at org.eclipse.core.internal.preferences.EclipsePreferences.internalFlush(EclipsePreferences.java:440)
	at org.eclipse.core.internal.resources.ProjectPreferences.flush(ProjectPreferences.java:350)
	at org.eclipse.core.internal.preferences.EclipsePreferences.internalFlush(EclipsePreferences.java:428)
	at org.eclipse.core.internal.resources.ProjectPreferences.flush(ProjectPreferences.java:350)
	at org.eclipse.cdt.utils.envvar.PrefsStorableEnvironment.serialize(PrefsStorableEnvironment.java:425)
	at org.eclipse.cdt.utils.envvar.StorableEnvironmentLoader.storeEnvironment(StorableEnvironmentLoader.java:125)
	at org.eclipse.cdt.internal.core.envvar.UserDefinedEnvironmentSupplier.storeEnvironment(UserDefinedEnvironmentSupplier.java:378)
	at org.eclipse.cdt.internal.core.envvar.UserDefinedEnvironmentSupplier.storeProjectEnvironment(UserDefinedEnvironmentSupplier.java:364)
	at org.eclipse.cdt.internal.core.envvar.ContributedEnvironment.serialize(ContributedEnvironment.java:164)
	at org.eclipse.cdt.internal.core.settings.model.xml.XmlProjectDescriptionStorage$DesSerializationRunnable.run(XmlProjectDescriptionStorage.java:172)
	at org.eclipse.cdt.internal.core.settings.model.CProjectDescriptionManager$CompositeWorkspaceRunnable.run(CProjectDescriptionManager.java:198)
	at org.eclipse.cdt.internal.core.settings.model.CProjectDescriptionManager$CompositeWorkspaceRunnable.run(CProjectDescriptionManager.java:198)
	at org.eclipse.cdt.internal.core.settings.model.CProjectDescriptionManager$5.run(CProjectDescriptionManager.java:501)
	at org.eclipse.core.internal.resources.Workspace.run(Workspace.java:2344)
	at org.eclipse.cdt.internal.core.settings.model.CProjectDescriptionManager.runAtomic(CProjectDescriptionManager.java:498)
	at org.eclipse.cdt.internal.core.settings.model.CProjectDescriptionManager.runWspModification(CProjectDescriptionManager.java:463)
	at org.eclipse.cdt.internal.core.settings.model.SetCProjectDescriptionOperation.executeOperation(SetCProjectDescriptionOperation.java:155)
	at org.eclipse.cdt.internal.core.model.CModelOperation.execute(CModelOperation.java:339)
	at org.eclipse.cdt.internal.core.model.CModelOperation.run(CModelOperation.java:602)
	at org.eclipse.core.internal.resources.Workspace.run(Workspace.java:2344)
	at org.eclipse.cdt.internal.core.model.CModelOperation.runOperation(CModelOperation.java:633)
	at org.eclipse.cdt.internal.core.settings.model.AbstractCProjectDescriptionStorage.setProjectDescription(AbstractCProjectDescriptionStorage.java:203)
	at org.eclipse.cdt.internal.core.settings.model.CProjectDescriptionStorageManager.setProjectDescription(CProjectDescriptionStorageManager.java:149)
	at org.eclipse.cdt.internal.core.settings.model.CProjectDescriptionManager.setProjectDescription(CProjectDescriptionManager.java:836)
	at org.eclipse.cdt.managedbuilder.internal.core.BuildSettingsUtil.checkApplyDescription(BuildSettingsUtil.java:211)
	at org.eclipse.cdt.managedbuilder.internal.core.BuildSettingsUtil.checkApplyDescription(BuildSettingsUtil.java:198)
	at org.eclipse.cdt.managedbuilder.core.ManagedBuildManager.updateBuildInfo(ManagedBuildManager.java:1393)
	at org.eclipse.cdt.managedbuilder.core.ManagedBuildManager.saveBuildInfo(ManagedBuildManager.java:1352)
	at nbeclipse.core.wizard.NBProjectOptionsPageRunnable.run(NBProjectOptionsPageRunnable.java:421)
	at org.eclipse.cdt.managedbuilder.ui.wizards.MBSCustomPageData$1.run(MBSCustomPageData.java:416)
	at org.eclipse.jface.operation.ModalContext.runInCurrentThread(ModalContext.java:464)
	at org.eclipse.jface.operation.ModalContext.run(ModalContext.java:372)
	at org.eclipse.jface.wizard.WizardDialog.run(WizardDialog.java:1029)
	at org.eclipse.cdt.managedbuilder.ui.wizards.MBSWizardHandler.doCustom(MBSWizardHandler.java:732)
	at org.eclipse.cdt.managedbuilder.ui.wizards.MBSWizardHandler.createProject(MBSWizardHandler.java:536)
	at org.eclipse.cdt.ui.wizards.CDTCommonProjectWizard$1$1$1.run(CDTCommonProjectWizard.java:253)
	at org.eclipse.ui.actions.WorkspaceModifyDelegatingOperation.execute(WorkspaceModifyDelegatingOperation.java:69)
	at org.eclipse.ui.actions.WorkspaceModifyOperation$1.run(WorkspaceModifyOperation.java:106)
	at org.eclipse.core.internal.resources.Workspace.run(Workspace.java:2344)
	at org.eclipse.ui.actions.WorkspaceModifyOperation.run(WorkspaceModifyOperation.java:118)
	at org.eclipse.jface.operation.ModalContext.runInCurrentThread(ModalContext.java:464)
	at org.eclipse.jface.operation.ModalContext.run(ModalContext.java:372)
	at org.eclipse.jface.wizard.WizardDialog.run(WizardDialog.java:1029)
	at org.eclipse.cdt.ui.wizards.CDTCommonProjectWizard$1$1.run(CDTCommonProjectWizard.java:262)
	at org.eclipse.ui.internal.UILockListener.doPendingWork(UILockListener.java:164)
	at org.eclipse.ui.internal.UISynchronizer$3.run(UISynchronizer.java:158)
	at org.eclipse.swt.widgets.RunnableLock.run(RunnableLock.java:35)
	at org.eclipse.swt.widgets.Synchronizer.runAsyncMessages(Synchronizer.java:135)
	at org.eclipse.swt.widgets.Display.runAsyncMessages(Display.java:4140)
	at org.eclipse.swt.widgets.Display.readAndDispatch(Display.java:3757)
	at org.eclipse.jface.operation.ModalContext$ModalContextThread.block(ModalContext.java:173)
	at org.eclipse.jface.operation.ModalContext.run(ModalContext.java:388)
	at org.eclipse.jface.wizard.WizardDialog.run(WizardDialog.java:1029)
	at org.eclipse.cdt.ui.wizards.CDTCommonProjectWizard.invokeRunnable(CDTCommonProjectWizard.java:175)
	at org.eclipse.cdt.ui.wizards.CDTCommonProjectWizard.getProject(CDTCommonProjectWizard.java:153)
	at org.eclipse.cdt.ui.wizards.CDTCommonProjectWizard.performFinish(CDTCommonProjectWizard.java:191)
	at org.eclipse.jface.wizard.WizardDialog.finishPressed(WizardDialog.java:827)
	at org.eclipse.jface.wizard.WizardDialog.buttonPressed(WizardDialog.java:432)
	at org.eclipse.jface.dialogs.Dialog$2.widgetSelected(Dialog.java:624)
	at org.eclipse.swt.widgets.TypedListener.handleEvent(TypedListener.java:240)
	at org.eclipse.swt.widgets.EventTable.sendEvent(EventTable.java:84)
	at org.eclipse.swt.widgets.Widget.sendEvent(Widget.java:1053)
	at org.eclipse.swt.widgets.Display.runDeferredEvents(Display.java:4165)
	at org.eclipse.swt.widgets.Display.readAndDispatch(Display.java:3754)
	at org.eclipse.jface.window.Window.runEventLoop(Window.java:825)
	at org.eclipse.jface.window.Window.open(Window.java:801)
	at org.eclipse.ui.actions.NewProjectAction.run(NewProjectAction.java:117)
	at org.eclipse.jface.action.Action.runWithEvent(Action.java:498)
	at org.eclipse.jface.action.ActionContributionItem.handleWidgetSelection(ActionContributionItem.java:584)
	at org.eclipse.jface.action.ActionContributionItem.access$2(ActionContributionItem.java:501)
	at org.eclipse.jface.action.ActionContributionItem$5.handleEvent(ActionContributionItem.java:411)
	at org.eclipse.swt.widgets.EventTable.sendEvent(EventTable.java:84)
	at org.eclipse.swt.widgets.Widget.sendEvent(Widget.java:1053)
	at org.eclipse.swt.widgets.Display.runDeferredEvents(Display.java:4165)
	at org.eclipse.swt.widgets.Display.readAndDispatch(Display.java:3754)
	at org.eclipse.ui.internal.Workbench.runEventLoop(Workbench.java:2701)
	at org.eclipse.ui.internal.Workbench.runUI(Workbench.java:2665)
	at org.eclipse.ui.internal.Workbench.access$4(Workbench.java:2499)
	at org.eclipse.ui.internal.Workbench$7.run(Workbench.java:679)
	at org.eclipse.core.databinding.observable.Realm.runWithDefault(Realm.java:332)
	at org.eclipse.ui.internal.Workbench.createAndRunWorkbench(Workbench.java:668)
	at org.eclipse.ui.PlatformUI.createAndRunWorkbench(PlatformUI.java:149)
	at org.eclipse.ui.internal.ide.application.IDEApplication.start(IDEApplication.java:123)
	at org.eclipse.equinox.internal.app.EclipseAppHandle.run(EclipseAppHandle.java:196)
	at org.eclipse.core.runtime.internal.adaptor.EclipseAppLauncher.runApplication(EclipseAppLauncher.java:110)
	at org.eclipse.core.runtime.internal.adaptor.EclipseAppLauncher.start(EclipseAppLauncher.java:79)
	at org.eclipse.core.runtime.adaptor.EclipseStarter.run(EclipseStarter.java:344)
	at org.eclipse.core.runtime.adaptor.EclipseStarter.run(EclipseStarter.java:179)
	at sun.reflect.NativeMethodAccessorImpl.invoke0(Native Method)
	at sun.reflect.NativeMethodAccessorImpl.invoke(Unknown Source)
	at sun.reflect.DelegatingMethodAccessorImpl.invoke(Unknown Source)
	at java.lang.reflect.Method.invoke(Unknown Source)
	at org.eclipse.equinox.launcher.Main.invokeFramework(Main.java:622)
	at org.eclipse.equinox.launcher.Main.basicRun(Main.java:577)
	at org.eclipse.equinox.launcher.Main.run(Main.java:1410)

!ENTRY org.eclipse.core.resources 4 4 2014-09-20 19:22:49.548
!MESSAGE Exception occurred while saving project preferences: /TESTCU/.settings/org.eclipse.cdt.core.prefs.
!STACK 1
org.eclipse.core.internal.resources.ResourceException: A resource already exists on disk 'C:\Users\samudra\Dropbox\GWU\MPNL\Research\uCAT Subsystem\USNA\BRICSAT\Design Sprint 5\Firmware\SEAS12472 - MCAT-4CU-B Firmware\TESTCU\.settings'.
	at org.eclipse.core.internal.resources.Folder.assertCreateRequirements(Folder.java:47)
	at org.eclipse.core.internal.resources.Folder.create(Folder.java:95)
	at org.eclipse.core.internal.resources.ProjectPreferences$1.run(ProjectPreferences.java:566)
	at org.eclipse.core.internal.resources.Workspace.run(Workspace.java:2344)
	at org.eclipse.core.internal.resources.ProjectPreferences.save(ProjectPreferences.java:590)
	at org.eclipse.core.internal.preferences.EclipsePreferences.internalFlush(EclipsePreferences.java:440)
	at org.eclipse.core.internal.resources.ProjectPreferences.flush(ProjectPreferences.java:350)
	at org.eclipse.core.internal.preferences.EclipsePreferences.internalFlush(EclipsePreferences.java:428)
	at org.eclipse.core.internal.resources.ProjectPreferences.flush(ProjectPreferences.java:350)
	at org.eclipse.cdt.internal.core.envvar.UserDefinedEnvironmentSupplier.storeProjectEnvironment(UserDefinedEnvironmentSupplier.java:369)
	at org.eclipse.cdt.internal.core.envvar.ContributedEnvironment.serialize(ContributedEnvironment.java:164)
	at org.eclipse.cdt.internal.core.settings.model.xml.XmlProjectDescriptionStorage$DesSerializationRunnable.run(XmlProjectDescriptionStorage.java:172)
	at org.eclipse.cdt.internal.core.settings.model.CProjectDescriptionManager$CompositeWorkspaceRunnable.run(CProjectDescriptionManager.java:198)
	at org.eclipse.cdt.internal.core.settings.model.CProjectDescriptionManager$CompositeWorkspaceRunnable.run(CProjectDescriptionManager.java:198)
	at org.eclipse.cdt.internal.core.settings.model.CProjectDescriptionManager$5.run(CProjectDescriptionManager.java:501)
	at org.eclipse.core.internal.resources.Workspace.run(Workspace.java:2344)
	at org.eclipse.cdt.internal.core.settings.model.CProjectDescriptionManager.runAtomic(CProjectDescriptionManager.java:498)
	at org.eclipse.cdt.internal.core.settings.model.CProjectDescriptionManager.runWspModification(CProjectDescriptionManager.java:463)
	at org.eclipse.cdt.internal.core.settings.model.SetCProjectDescriptionOperation.executeOperation(SetCProjectDescriptionOperation.java:155)
	at org.eclipse.cdt.internal.core.model.CModelOperation.execute(CModelOperation.java:339)
	at org.eclipse.cdt.internal.core.model.CModelOperation.run(CModelOperation.java:602)
	at org.eclipse.core.internal.resources.Workspace.run(Workspace.java:2344)
	at org.eclipse.cdt.internal.core.model.CModelOperation.runOperation(CModelOperation.java:633)
	at org.eclipse.cdt.internal.core.settings.model.AbstractCProjectDescriptionStorage.setProjectDescription(AbstractCProjectDescriptionStorage.java:203)
	at org.eclipse.cdt.internal.core.settings.model.CProjectDescriptionStorageManager.setProjectDescription(CProjectDescriptionStorageManager.java:149)
	at org.eclipse.cdt.internal.core.settings.model.CProjectDescriptionManager.setProjectDescription(CProjectDescriptionManager.java:836)
	at org.eclipse.cdt.managedbuilder.internal.core.BuildSettingsUtil.checkApplyDescription(BuildSettingsUtil.java:211)
	at org.eclipse.cdt.managedbuilder.internal.core.BuildSettingsUtil.checkApplyDescription(BuildSettingsUtil.java:198)
	at org.eclipse.cdt.managedbuilder.core.ManagedBuildManager.updateBuildInfo(ManagedBuildManager.java:1393)
	at org.eclipse.cdt.managedbuilder.core.ManagedBuildManager.saveBuildInfo(ManagedBuildManager.java:1352)
	at nbeclipse.core.wizard.NBProjectOptionsPageRunnable.run(NBProjectOptionsPageRunnable.java:421)
	at org.eclipse.cdt.managedbuilder.ui.wizards.MBSCustomPageData$1.run(MBSCustomPageData.java:416)
	at org.eclipse.jface.operation.ModalContext.runInCurrentThread(ModalContext.java:464)
	at org.eclipse.jface.operation.ModalContext.run(ModalContext.java:372)
	at org.eclipse.jface.wizard.WizardDialog.run(WizardDialog.java:1029)
	at org.eclipse.cdt.managedbuilder.ui.wizards.MBSWizardHandler.doCustom(MBSWizardHandler.java:732)
	at org.eclipse.cdt.managedbuilder.ui.wizards.MBSWizardHandler.createProject(MBSWizardHandler.java:536)
	at org.eclipse.cdt.ui.wizards.CDTCommonProjectWizard$1$1$1.run(CDTCommonProjectWizard.java:253)
	at org.eclipse.ui.actions.WorkspaceModifyDelegatingOperation.execute(WorkspaceModifyDelegatingOperation.java:69)
	at org.eclipse.ui.actions.WorkspaceModifyOperation$1.run(WorkspaceModifyOperation.java:106)
	at org.eclipse.core.internal.resources.Workspace.run(Workspace.java:2344)
	at org.eclipse.ui.actions.WorkspaceModifyOperation.run(WorkspaceModifyOperation.java:118)
	at org.eclipse.jface.operation.ModalContext.runInCurrentThread(ModalContext.java:464)
	at org.eclipse.jface.operation.ModalContext.run(ModalContext.java:372)
	at org.eclipse.jface.wizard.WizardDialog.run(WizardDialog.java:1029)
	at org.eclipse.cdt.ui.wizards.CDTCommonProjectWizard$1$1.run(CDTCommonProjectWizard.java:262)
	at org.eclipse.ui.internal.UILockListener.doPendingWork(UILockListener.java:164)
	at org.eclipse.ui.internal.UISynchronizer$3.run(UISynchronizer.java:158)
	at org.eclipse.swt.widgets.RunnableLock.run(RunnableLock.java:35)
	at org.eclipse.swt.widgets.Synchronizer.runAsyncMessages(Synchronizer.java:135)
	at org.eclipse.swt.widgets.Display.runAsyncMessages(Display.java:4140)
	at org.eclipse.swt.widgets.Display.readAndDispatch(Display.java:3757)
	at org.eclipse.jface.operation.ModalContext$ModalContextThread.block(ModalContext.java:173)
	at org.eclipse.jface.operation.ModalContext.run(ModalContext.java:388)
	at org.eclipse.jface.wizard.WizardDialog.run(WizardDialog.java:1029)
	at org.eclipse.cdt.ui.wizards.CDTCommonProjectWizard.invokeRunnable(CDTCommonProjectWizard.java:175)
	at org.eclipse.cdt.ui.wizards.CDTCommonProjectWizard.getProject(CDTCommonProjectWizard.java:153)
	at org.eclipse.cdt.ui.wizards.CDTCommonProjectWizard.performFinish(CDTCommonProjectWizard.java:191)
	at org.eclipse.jface.wizard.WizardDialog.finishPressed(WizardDialog.java:827)
	at org.eclipse.jface.wizard.WizardDialog.buttonPressed(WizardDialog.java:432)
	at org.eclipse.jface.dialogs.Dialog$2.widgetSelected(Dialog.java:624)
	at org.eclipse.swt.widgets.TypedListener.handleEvent(TypedListener.java:240)
	at org.eclipse.swt.widgets.EventTable.sendEvent(EventTable.java:84)
	at org.eclipse.swt.widgets.Widget.sendEvent(Widget.java:1053)
	at org.eclipse.swt.widgets.Display.runDeferredEvents(Display.java:4165)
	at org.eclipse.swt.widgets.Display.readAndDispatch(Display.java:3754)
	at org.eclipse.jface.window.Window.runEventLoop(Window.java:825)
	at org.eclipse.jface.window.Window.open(Window.java:801)
	at org.eclipse.ui.actions.NewProjectAction.run(NewProjectAction.java:117)
	at org.eclipse.jface.action.Action.runWithEvent(Action.java:498)
	at org.eclipse.jface.action.ActionContributionItem.handleWidgetSelection(ActionContributionItem.java:584)
	at org.eclipse.jface.action.ActionContributionItem.access$2(ActionContributionItem.java:501)
	at org.eclipse.jface.action.ActionContributionItem$5.handleEvent(ActionContributionItem.java:411)
	at org.eclipse.swt.widgets.EventTable.sendEvent(EventTable.java:84)
	at org.eclipse.swt.widgets.Widget.sendEvent(Widget.java:1053)
	at org.eclipse.swt.widgets.Display.runDeferredEvents(Display.java:4165)
	at org.eclipse.swt.widgets.Display.readAndDispatch(Display.java:3754)
	at org.eclipse.ui.internal.Workbench.runEventLoop(Workbench.java:2701)
	at org.eclipse.ui.internal.Workbench.runUI(Workbench.java:2665)
	at org.eclipse.ui.internal.Workbench.access$4(Workbench.java:2499)
	at org.eclipse.ui.internal.Workbench$7.run(Workbench.java:679)
	at org.eclipse.core.databinding.observable.Realm.runWithDefault(Realm.java:332)
	at org.eclipse.ui.internal.Workbench.createAndRunWorkbench(Workbench.java:668)
	at org.eclipse.ui.PlatformUI.createAndRunWorkbench(PlatformUI.java:149)
	at org.eclipse.ui.internal.ide.application.IDEApplication.start(IDEApplication.java:123)
	at org.eclipse.equinox.internal.app.EclipseAppHandle.run(EclipseAppHandle.java:196)
	at org.eclipse.core.runtime.internal.adaptor.EclipseAppLauncher.runApplication(EclipseAppLauncher.java:110)
	at org.eclipse.core.runtime.internal.adaptor.EclipseAppLauncher.start(EclipseAppLauncher.java:79)
	at org.eclipse.core.runtime.adaptor.EclipseStarter.run(EclipseStarter.java:344)
	at org.eclipse.core.runtime.adaptor.EclipseStarter.run(EclipseStarter.java:179)
	at sun.reflect.NativeMethodAccessorImpl.invoke0(Native Method)
	at sun.reflect.NativeMethodAccessorImpl.invoke(Unknown Source)
	at sun.reflect.DelegatingMethodAccessorImpl.invoke(Unknown Source)
	at java.lang.reflect.Method.invoke(Unknown Source)
	at org.eclipse.equinox.launcher.Main.invokeFramework(Main.java:622)
	at org.eclipse.equinox.launcher.Main.basicRun(Main.java:577)
	at org.eclipse.equinox.launcher.Main.run(Main.java:1410)
!SUBENTRY 1 org.eclipse.core.resources 4 272 2014-09-20 19:22:49.549
!MESSAGE A resource already exists on disk 'C:\Users\samudra\Dropbox\GWU\MPNL\Research\uCAT Subsystem\USNA\BRICSAT\Design Sprint 5\Firmware\SEAS12472 - MCAT-4CU-B Firmware\TESTCU\.settings'.

!ENTRY org.eclipse.cdt.core 1 0 2014-09-20 19:22:50.196
!MESSAGE Indexed 'TESTCU' (1 sources, 65 headers) in 0.49 sec: 3,198 declarations; 2,757 references; 15 unresolved inclusions; 3 syntax errors; 58 unresolved names (0.96%)

!ENTRY org.eclipse.cdt.core 1 0 2014-09-21 08:59:48.103
!MESSAGE Indexed 'JUNK' (0 sources, 39 headers) in 0.08 sec: 281 declarations; 413 references; 11 unresolved inclusions; 2 syntax errors; 2 unresolved names (0.29%)
!SESSION 2014-09-21 11:02:33.253 -----------------------------------------------
eclipse.buildId=unknown
java.version=1.7.0_51
java.vendor=Oracle Corporation
BootLoader constants: OS=win32, ARCH=x86, WS=win32, NL=en_US
Command-line arguments:  -os win32 -ws win32 -arch x86

!ENTRY org.eclipse.cdt.core 1 0 2014-09-21 11:03:40.464
!MESSAGE Indexed 'TESTCU' (0 sources, 39 headers) in 0.89 sec: 281 declarations; 413 references; 11 unresolved inclusions; 2 syntax errors; 2 unresolved names (0.29%)
